2025-09-28 23:57:01,728 - INFO - ==================================================
2025-09-28 23:57:01,729 - INFO - Starting World Bank ETL process
2025-09-28 23:57:01,729 - INFO - ==================================================
2025-09-28 23:57:01,729 - INFO - Beginning data extraction for 15 countries.
2025-09-28 23:57:01,730 - INFO - Fetching data for indicator: Food production index...
2025-09-28 23:57:06,609 - INFO - Fetching data for indicator: Cereal yield (kg per hectare)...
2025-09-28 23:57:08,256 - INFO - Fetching data for indicator: Crop production index...
2025-09-28 23:57:09,800 - INFO - Fetching data for indicator: Agricultural land (% of land area)...
2025-09-28 23:57:11,161 - INFO - Fetching data for indicator: GDP per capita (current US$)...
2025-09-28 23:57:12,653 - INFO - Fetching data for indicator: Consumer Price Index, Food (2010 = 100)...
2025-09-28 23:57:13,620 - WARNING - No data returned for indicator: FP.CPI.FOOD
2025-09-28 23:57:14,122 - INFO - Fetching data for indicator: Food imports (% of merchandise imports)...
2025-09-28 23:57:15,738 - INFO - Fetching data for indicator: Total population...
2025-09-28 23:57:17,195 - INFO - Fetching data for indicator: Urban population (% of total)...
2025-09-28 23:57:18,650 - INFO - Fetching data for indicator: Population growth (annual %)...
2025-09-28 23:57:55,792 - INFO - Saving raw extracted data to data/raw/raw_data_20250928_235755.json
2025-09-28 23:57:55,945 - INFO - Reading raw data from data/raw/raw_data_20250928_235755.json
2025-09-28 23:57:20,364 - INFO - Cleaning and transforming data...
2025-09-28 23:57:20,467 - INFO - Successfully transformed data. Final shape: (2772, 6)
2025-09-28 23:57:20,504 - INFO - Clean data successfully loaded to data/clean/clean_west_africa_data_raw_data_20250928_235755.csv
2025-09-28 23:57:20,504 - INFO - ==================================================
2025-09-28 23:57:20,505 - INFO - ETL process finished
2025-09-28 23:57:20,505 - INFO - ==================================================
2025-09-29 00:16:40,153 - INFO - ==================================================
2025-09-29 00:16:40,154 - INFO - Starting World Bank ETL process
2025-09-29 00:16:40,154 - INFO - ==================================================
2025-09-29 00:16:40,155 - INFO - Beginning data extraction for 15 countries.
2025-09-29 00:16:40,155 - INFO - Fetching data for indicator: Food production index...
2025-09-29 00:16:41,472 - INFO - Fetching data for indicator: Cereal yield (kg per hectare)...
2025-09-29 00:16:42,722 - INFO - Fetching data for indicator: Crop production index...
2025-09-29 00:16:43,982 - INFO - Fetching data for indicator: Agricultural land (% of land area)...
2025-09-29 00:16:45,389 - INFO - Fetching data for indicator: GDP per capita (current US$)...
2025-09-29 00:16:46,733 - INFO - Fetching data for indicator: Consumer Price Index, Food (2010 = 100)...
2025-09-29 00:16:47,454 - WARNING - No data returned for indicator: FP.CPI.FOOD
2025-09-29 00:16:47,956 - INFO - Fetching data for indicator: Food imports (% of merchandise imports)...
2025-09-29 00:16:49,171 - INFO - Fetching data for indicator: Total population...
2025-09-29 00:16:50,447 - INFO - Fetching data for indicator: Urban population (% of total)...
2025-09-29 00:16:51,660 - INFO - Fetching data for indicator: Population growth (annual %)...
2025-09-29 00:16:53,222 - INFO - Saving raw extracted data to data/raw/raw_data_20250929_001653.json
2025-09-29 00:16:53,356 - INFO - Reading raw data from data/raw/raw_data_20250929_001653.json
2025-09-29 00:16:53,401 - INFO - Cleaning and transforming data...
2025-09-29 00:16:53,425 - INFO - Pivoting data from long to wide format...
2025-09-29 00:16:53,467 - INFO - Renaming columns for clarity...
2025-09-29 00:16:53,468 - INFO - Successfully transformed data. Final shape: (2772, 6)
2025-09-29 00:16:53,493 - INFO - Clean data successfully loaded to data/clean/clean_west_africa_data_raw_data_20250929_001653.csv
2025-09-29 00:16:53,493 - INFO - ==================================================
2025-09-29 00:16:53,493 - INFO - ETL process finished
2025-09-29 00:16:53,494 - INFO - ==================================================
2025-09-29 00:59:58,884 - INFO - ==================================================
2025-09-29 00:59:58,886 - INFO - Starting World Bank ETL process
2025-09-29 00:59:58,888 - INFO - ==================================================
2025-09-29 00:59:58,890 - INFO - Beginning data extraction for 15 countries.
2025-09-29 00:59:58,892 - INFO - Fetching data for indicator: Food production index...
2025-09-29 01:00:00,264 - INFO - Fetching data for indicator: Cereal yield (kg per hectare)...
2025-09-29 01:00:01,606 - INFO - Fetching data for indicator: Crop production index...
2025-09-29 01:00:03,147 - INFO - Fetching data for indicator: Agricultural land (% of land area)...
2025-09-29 01:00:04,434 - INFO - Fetching data for indicator: GDP per capita (current US$)...
2025-09-29 01:00:05,970 - INFO - Fetching data for indicator: Consumer Price Index, Food (2010 = 100)...
2025-09-29 01:00:07,198 - WARNING - No data returned for indicator: FP.CPI.FOOD
2025-09-29 01:00:07,701 - INFO - Fetching data for indicator: Food imports (% of merchandise imports)...
2025-09-29 01:00:44,669 - INFO - Fetching data for indicator: Total population...
2025-09-29 01:00:46,009 - INFO - Fetching data for indicator: Urban population (% of total)...
2025-09-29 01:00:47,428 - INFO - Fetching data for indicator: Population growth (annual %)...
2025-09-29 01:00:48,776 - INFO - Saving raw extracted data to data/raw/raw_data_20250929_010048.json
2025-09-29 01:00:49,214 - INFO - Reading raw data from data/raw/raw_data_20250929_010048.json
2025-09-29 01:00:49,391 - INFO - Cleaning and transforming data...
2025-09-29 01:00:49,533 - INFO - Pivoting data from long to wide format...
2025-09-29 01:00:49,632 - INFO - Renaming columns for clarity...
2025-09-29 01:00:49,634 - INFO - Successfully transformed data. Final shape: (2772, 6)
2025-09-29 01:00:49,638 - INFO - Validating data against the WIDE-FORMAT quality schema...
2025-09-29 01:00:50,699 - ERROR - Data validation failed. See failure cases below.
2025-09-29 01:00:50,700 - ERROR -   column        failure_case index   schema_context                check check_number
0   None  food_cpi_2010_base  None  DataFrameSchema  column_in_dataframe         None
2025-09-29 01:00:50,732 - ERROR - ETL process halted due to data validation failure. No data was saved or loaded.
2025-09-29 01:15:33,786 - INFO - ==================================================
2025-09-29 01:15:33,787 - INFO - Starting World Bank ETL process
2025-09-29 01:15:33,788 - INFO - ==================================================
2025-09-29 01:15:33,789 - INFO - Beginning data extraction for 15 countries.
2025-09-29 01:15:33,790 - INFO - Fetching data for indicator: Food production index...
2025-09-29 01:15:35,222 - INFO - Fetching data for indicator: Cereal yield (kg per hectare)...
2025-09-29 01:15:01,008 - INFO - Fetching data for indicator: Crop production index...
2025-09-29 01:15:02,299 - INFO - Fetching data for indicator: Agricultural land (% of land area)...
2025-09-29 01:15:03,702 - INFO - Fetching data for indicator: GDP per capita (current US$)...
2025-09-29 01:15:05,020 - INFO - Fetching data for indicator: Consumer Price Index, Food (2010 = 100)...
2025-09-29 01:15:05,820 - WARNING - No data returned for indicator: FP.CPI.FOOD
2025-09-29 01:15:06,323 - INFO - Fetching data for indicator: Food imports (% of merchandise imports)...
2025-09-29 01:15:07,642 - INFO - Fetching data for indicator: Total population...
2025-09-29 01:15:08,870 - INFO - Fetching data for indicator: Urban population (% of total)...
2025-09-29 01:15:45,869 - INFO - Fetching data for indicator: Population growth (annual %)...
2025-09-29 01:15:11,502 - INFO - Saving raw extracted data to data/raw/raw_data_20250929_011511.json
2025-09-29 01:15:11,850 - INFO - Reading raw data from data/raw/raw_data_20250929_011511.json
2025-09-29 01:15:11,920 - INFO - Cleaning and transforming data...
2025-09-29 01:15:11,964 - INFO - Pivoting data from long to wide format...
2025-09-29 01:15:12,032 - INFO - Renaming columns for clarity...
2025-09-29 01:15:12,034 - INFO - Successfully transformed data. Final shape: (2772, 6)
2025-09-29 01:15:12,038 - INFO - Validating data against the WIDE-FORMAT quality schema...
2025-09-29 01:15:12,645 - ERROR - Data validation failed. See failure cases below.
2025-09-29 01:15:12,646 - ERROR -   column            failure_case index   schema_context                check check_number
0   None  food_cpi_2010_base_100  None  DataFrameSchema  column_in_dataframe         None
2025-09-29 01:15:12,718 - ERROR - ETL process halted due to data validation failure. No data was saved or loaded.
2025-09-29 01:18:28,917 - INFO - ==================================================
2025-09-29 01:18:28,919 - INFO - Starting World Bank ETL process
2025-09-29 01:18:28,920 - INFO - ==================================================
2025-09-29 01:18:28,921 - INFO - Beginning data extraction for 15 countries.
2025-09-29 01:18:28,922 - INFO - Fetching data for indicator: Food production index...
2025-09-29 01:19:06,156 - INFO - Fetching data for indicator: Cereal yield (kg per hectare)...
2025-09-29 01:18:32,277 - INFO - Fetching data for indicator: Crop production index...
2025-09-29 01:18:33,812 - INFO - Fetching data for indicator: Agricultural land (% of land area)...
2025-09-29 01:18:35,292 - INFO - Fetching data for indicator: GDP per capita (current US$)...
2025-09-29 01:18:36,885 - INFO - Fetching data for indicator: Consumer Price Index, Food (2010 = 100)...
2025-09-29 01:18:37,755 - WARNING - No data returned for indicator: FP.CPI.FOOD
2025-09-29 01:18:38,258 - INFO - Fetching data for indicator: Food imports (% of merchandise imports)...
2025-09-29 01:18:39,856 - INFO - Fetching data for indicator: Total population...
2025-09-29 01:18:41,281 - INFO - Fetching data for indicator: Urban population (% of total)...
2025-09-29 01:18:42,813 - INFO - Fetching data for indicator: Population growth (annual %)...
2025-09-29 01:18:44,478 - INFO - Saving raw extracted data to data/raw/raw_data_20250929_011844.json
2025-09-29 01:18:44,945 - INFO - Reading raw data from data/raw/raw_data_20250929_011844.json
2025-09-29 01:18:45,009 - INFO - Cleaning and transforming data...
2025-09-29 01:18:45,056 - INFO - Pivoting data from long to wide format...
2025-09-29 01:18:45,156 - INFO - Renaming columns for clarity...
2025-09-29 01:18:45,158 - INFO - Successfully transformed data. Final shape: (2770, 6)
2025-09-29 01:18:45,162 - INFO - Validating data against the WIDE-FORMAT quality schema...
2025-09-29 01:18:46,364 - ERROR - Data validation failed. See failure cases below.
2025-09-29 01:18:46,365 - ERROR -   column            failure_case index   schema_context                check check_number
0   None  food_cpi_2010_base_100  None  DataFrameSchema  column_in_dataframe         None
2025-09-29 01:18:46,387 - ERROR - ETL process halted due to data validation failure. No data was saved or loaded.
2025-09-29 01:24:22,534 - INFO - ==================================================
2025-09-29 01:24:22,535 - INFO - Starting World Bank ETL process
2025-09-29 01:24:22,536 - INFO - ==================================================
2025-09-29 01:24:22,537 - INFO - Beginning data extraction for 15 countries.
2025-09-29 01:24:22,538 - INFO - Fetching data for indicator: Food production index...
2025-09-29 01:24:24,107 - INFO - Fetching data for indicator: Cereal yield (kg per hectare)...
2025-09-29 01:24:25,491 - INFO - Fetching data for indicator: Crop production index...
2025-09-29 01:24:26,684 - INFO - Fetching data for indicator: Agricultural land (% of land area)...
2025-09-29 01:24:28,009 - INFO - Fetching data for indicator: GDP per capita (current US$)...
2025-09-29 01:24:29,231 - INFO - Fetching data for indicator: Consumer Price Index, Food (2010 = 100)...
2025-09-29 01:24:30,780 - INFO - Fetching data for indicator: Food imports (% of merchandise imports)...
2025-09-29 01:24:32,053 - INFO - Fetching data for indicator: Food exports (% of merchandise exports)...
2025-09-29 01:24:33,554 - INFO - Fetching data for indicator: Total population...
2025-09-29 01:24:34,819 - INFO - Fetching data for indicator: Urban population (% of total)...
2025-09-29 01:25:11,716 - INFO - Fetching data for indicator: Population growth (annual %)...
2025-09-29 01:24:37,438 - INFO - Saving raw extracted data to data/raw/raw_data_20250929_012437.json
2025-09-29 01:24:37,889 - INFO - Reading raw data from data/raw/raw_data_20250929_012437.json
2025-09-29 01:24:38,057 - INFO - Cleaning and transforming data...
2025-09-29 01:24:38,183 - INFO - Pivoting data from long to wide format...
2025-09-29 01:24:38,343 - INFO - Renaming columns for clarity...
2025-09-29 01:24:38,346 - INFO - Successfully transformed data. Final shape: (3325, 6)
2025-09-29 01:24:38,352 - INFO - Validating data against the WIDE-FORMAT quality schema...
2025-09-29 01:24:39,626 - ERROR - Data validation failed. See failure cases below.
2025-09-29 01:24:39,628 - ERROR -   schema_context                  column                       check  check_number  failure_case  index
0         Column  food_exports_pct_merch  less_than_or_equal_to(100)             1    100.000004    163
2025-09-29 01:24:39,681 - ERROR - ETL process halted due to data validation failure. No data was saved or loaded.
2025-09-29 01:27:13,117 - INFO - ==================================================
2025-09-29 01:27:13,120 - INFO - Starting World Bank ETL process
2025-09-29 01:27:13,122 - INFO - ==================================================
2025-09-29 01:27:13,124 - INFO - Beginning data extraction for 15 countries.
2025-09-29 01:27:13,126 - INFO - Fetching data for indicator: Food production index...
2025-09-29 01:27:14,536 - INFO - Fetching data for indicator: Cereal yield (kg per hectare)...
2025-09-29 01:27:15,947 - INFO - Fetching data for indicator: Crop production index...
2025-09-29 01:27:17,192 - INFO - Fetching data for indicator: Agricultural land (% of land area)...
2025-09-29 01:27:18,509 - INFO - Fetching data for indicator: GDP per capita (current US$)...
2025-09-29 01:27:20,249 - INFO - Fetching data for indicator: Consumer Price Index, Food (2010 = 100)...
2025-09-29 01:27:57,182 - INFO - Fetching data for indicator: Food imports (% of merchandise imports)...
2025-09-29 01:27:23,036 - INFO - Fetching data for indicator: Food exports (% of merchandise exports)...
2025-09-29 01:27:24,367 - INFO - Fetching data for indicator: Total population...
2025-09-29 01:27:25,807 - INFO - Fetching data for indicator: Urban population (% of total)...
2025-09-29 01:27:27,094 - INFO - Fetching data for indicator: Population growth (annual %)...
2025-09-29 01:27:28,350 - INFO - Saving raw extracted data to data/raw/raw_data_20250929_012728.json
2025-09-29 01:27:28,809 - INFO - Reading raw data from data/raw/raw_data_20250929_012728.json
2025-09-29 01:27:28,993 - INFO - Cleaning and transforming data...
2025-09-29 01:27:29,117 - INFO - Pivoting data from long to wide format...
2025-09-29 01:27:29,276 - INFO - Renaming columns for clarity...
2025-09-29 01:27:29,280 - INFO - Successfully transformed data. Final shape: (3325, 6)
2025-09-29 01:27:29,286 - INFO - Validating data against the WIDE-FORMAT quality schema...
2025-09-29 01:27:30,631 - INFO - Data validation successful.
2025-09-29 01:27:30,633 - INFO - Saving validated data to CSV file...
2025-09-29 01:27:30,769 - INFO - Validated data successfully saved to data/clean/clean_west_africa_data_20250929_012728.csv
2025-09-29 01:27:30,772 - INFO - ==================================================
2025-09-29 01:27:30,773 - INFO - ETVL process finished
2025-09-29 01:27:30,775 - INFO - ==================================================
